<?xml version="1.0" encoding="UTF-8"?>
<!-- Generated by org.testng.reporters.JUnitXMLReporter -->
<testsuite hostname="PUNHJW256997L" name="Default test" tests="4" failures="0" timestamp="1 Jun 2019 12:32:03 GMT" time="170.025" errors="0">
  <testcase name="addPersonDetails" time="9.743" classname="com.crm.test.TestCases.CasePageTest"/>
  <testcase name="verifyAddedPerson" time="64.871" classname="com.crm.test.TestCases.CasePageTest"/>
  <testcase name="addCase" time="11.534" classname="com.crm.test.TestCases.CasePageTest"/>
  <testcase name="verifyAddedCase" time="4.462" classname="com.crm.test.TestCases.CasePageTest"/>
</testsuite> <!-- Default test -->
